[ 2016-11-18T11:21:39+08:00 ] ::1 /tpweb/login/login?id=1&user_name=%E6%88%90%E9%82%A6
INFO: [ app_init ] --START--
INFO: Run Behavior\BuildLiteBehavior [ RunTime:0.000011s ]
INFO: [ app_init ] --END-- [ RunTime:0.000347s ]
INFO: [ app_begin ] --START--
INFO: Run Behavior\ReadHtmlCacheBehavior [ RunTime:0.000503s ]
INFO: [ app_begin ] --END-- [ RunTime:0.000545s ]

[ 2016-11-18T11:22:26+08:00 ] ::1 /tpweb/login/login?id=1&user_name=%E6%88%90%E9%82%A6
INFO: [ app_init ] --START--
INFO: Run Behavior\BuildLiteBehavior [ RunTime:0.000011s ]
INFO: [ app_init ] --END-- [ RunTime:0.000313s ]
INFO: [ app_begin ] --START--
INFO: Run Behavior\ReadHtmlCacheBehavior [ RunTime:0.000543s ]
INFO: [ app_begin ] --END-- [ RunTime:0.000586s ]

[ 2016-11-18T11:22:49+08:00 ] ::1 /tpweb/login/login?id=1&user_name=%E6%88%90%E9%82%A6
INFO: [ app_init ] --START--
INFO: Run Behavior\BuildLiteBehavior [ RunTime:0.000010s ]
INFO: [ app_init ] --END-- [ RunTime:0.000297s ]
INFO: [ app_begin ] --START--
INFO: Run Behavior\ReadHtmlCacheBehavior [ RunTime:0.000470s ]
INFO: [ app_begin ] --END-- [ RunTime:0.000512s ]

[ 2016-11-18T11:26:38+08:00 ] ::1 /tpweb/login/login?id=1&user_name=%E6%88%90%E9%82%A6
INFO: [ app_init ] --START--
INFO: Run Behavior\BuildLiteBehavior [ RunTime:0.000013s ]
INFO: [ app_init ] --END-- [ RunTime:0.000318s ]
INFO: [ app_begin ] --START--
INFO: Run Behavior\ReadHtmlCacheBehavior [ RunTime:0.000674s ]
INFO: [ app_begin ] --END-- [ RunTime:0.000734s ]

[ 2016-11-18T11:27:32+08:00 ] ::1 /tpweb/login/login?id=1&user_name=%E6%88%90%E9%82%A6
INFO: [ app_init ] --START--
INFO: Run Behavior\BuildLiteBehavior [ RunTime:0.000018s ]
INFO: [ app_init ] --END-- [ RunTime:0.000514s ]
INFO: [ app_begin ] --START--
INFO: Run Behavior\ReadHtmlCacheBehavior [ RunTime:0.000799s ]
INFO: [ app_begin ] --END-- [ RunTime:0.000873s ]
ERR: user_account.'验证字段不存在！', user_account.'-error'

[ 2016-11-18T11:30:07+08:00 ] ::1 /tpweb/login/login?id=1&user_name=%E6%88%90%E9%82%A6
INFO: [ app_init ] --START--
INFO: Run Behavior\BuildLiteBehavior [ RunTime:0.000105s ]
INFO: [ app_init ] --END-- [ RunTime:0.001263s ]
INFO: [ app_begin ] --START--
INFO: Run Behavior\ReadHtmlCacheBehavior [ RunTime:0.000847s ]
INFO: [ app_begin ] --END-- [ RunTime:0.000935s ]
ERR: user_account.'验证字段不存在！', user_account.'-error'

[ 2016-11-18T11:30:38+08:00 ] ::1 /tpweb/login/login?id=1&user_name=%E6%88%90%E9%82%A6&user_account=lcb
INFO: [ app_init ] --START--
INFO: Run Behavior\BuildLiteBehavior [ RunTime:0.000019s ]
INFO: [ app_init ] --END-- [ RunTime:0.000531s ]
INFO: [ app_begin ] --START--
INFO: Run Behavior\ReadHtmlCacheBehavior [ RunTime:0.000987s ]
INFO: [ app_begin ] --END-- [ RunTime:0.001137s ]
ERR: user_id.'验证字段不存在！', user_id.'-error'

[ 2016-11-18T11:30:54+08:00 ] ::1 /tpweb/login/login?id=1&user_name=%E6%88%90%E9%82%A6&user_account=lcb
INFO: [ app_init ] --START--
INFO: Run Behavior\BuildLiteBehavior [ RunTime:0.000020s ]
INFO: [ app_init ] --END-- [ RunTime:0.000531s ]
INFO: [ app_begin ] --START--
INFO: Run Behavior\ReadHtmlCacheBehavior [ RunTime:0.000764s ]
INFO: [ app_begin ] --END-- [ RunTime:0.000840s ]

[ 2016-11-18T11:31:07+08:00 ] ::1 /tpweb/login/login?id=1&user_name=%E6%88%90%E9%82%A6&user_account=lcb&sdfvsdgvb=dfhdfbn
INFO: [ app_init ] --START--
INFO: Run Behavior\BuildLiteBehavior [ RunTime:0.000011s ]
INFO: [ app_init ] --END-- [ RunTime:0.000279s ]
INFO: [ app_begin ] --START--
INFO: Run Behavior\ReadHtmlCacheBehavior [ RunTime:0.000465s ]
INFO: [ app_begin ] --END-- [ RunTime:0.000501s ]

[ 2016-11-18T11:31:50+08:00 ] ::1 /tpweb/login/login?id=1&user_name=%E6%88%90%E9%82%A6&user_account=lcb&sdfvsdgvb=dfhdfbn
INFO: [ app_init ] --START--
INFO: Run Behavior\BuildLiteBehavior [ RunTime:0.000011s ]
INFO: [ app_init ] --END-- [ RunTime:0.000561s ]
INFO: [ app_begin ] --START--
INFO: Run Behavior\ReadHtmlCacheBehavior [ RunTime:0.000802s ]
INFO: [ app_begin ] --END-- [ RunTime:0.000878s ]

[ 2016-11-18T15:47:54+08:00 ] ::1 /tpweb/login/login?id=1&user_name=%E6%88%90%E9%82%A6&user_account=lcb&sdfvsdgvb=dfhdfbn
INFO: [ app_init ] --START--
INFO: Run Behavior\BuildLiteBehavior [ RunTime:0.000018s ]
INFO: [ app_init ] --END-- [ RunTime:0.000496s ]
INFO: [ app_begin ] --START--
INFO: Run Behavior\ReadHtmlCacheBehavior [ RunTime:0.000787s ]
INFO: [ app_begin ] --END-- [ RunTime:0.000858s ]

[ 2016-11-18T16:04:21+08:00 ] ::1 /tpweb/login/login?id=1&user_name=%E6%88%90%E9%82%A6&user_account=lcb&sdfvsdgvb=dfhdfbn
INFO: [ app_init ] --START--
INFO: Run Behavior\BuildLiteBehavior [ RunTime:0.000010s ]
INFO: [ app_init ] --END-- [ RunTime:0.000310s ]
INFO: [ app_begin ] --START--
INFO: Run Behavior\ReadHtmlCacheBehavior [ RunTime:0.000714s ]
INFO: [ app_begin ] --END-- [ RunTime:0.000774s ]

